<?xml version="1.0" encoding="UTF-8"?>
<!-- Generated by org.testng.reporters.JUnitReportReporter -->
<testsuite hostname="Dewendra" failures="0" tests="1" name="com.hdorRegistrationProcess.SelectedEventPageTest" time="9.390" errors="0" timestamp="2024-09-30T14:19:21 IST" skipped="0">
  <testcase classname="com.hdorRegistrationProcess.SelectedEventPageTest" name="verifyPrice" time="9.390"/>
</testsuite> <!-- com.hdorRegistrationProcess.SelectedEventPageTest -->
