<?xml version="1.0" encoding="UTF-8"?>
<!-- Generated by org.testng.reporters.JUnitReportReporter -->
<testsuite hostname="Dewendra" failures="0" tests="1" name="com.hdorRegistrationProcess.EventsPageTest" time="7.292" errors="0" timestamp="2024-09-30T13:12:42 IST" skipped="0">
  <testcase classname="com.hdorRegistrationProcess.EventsPageTest" name="verifyEventsPage" time="7.292"/>
</testsuite> <!-- com.hdorRegistrationProcess.EventsPageTest -->
